<?xml version="1.0" encoding="UTF-8"?>
<testsuites name="test1" time="4.623" tests="1" failures="0" errors="0">
   <testsuite name="test1" tests="1" failures="0" errors="0" time="4.623" skipped="0" timestamp="2021-11-24 16:05:59" hostname="abishekramaprabha - 192.168.1.34" id="Test Suites/test1">
      <properties>
         <property name="deviceName" value=""/>
         <property name="devicePlatform" value=""/>
         <property name="logFolder" value="/Users/abishekramaprabha/Odyssey_Automation/odysseyTotalsAutomation/Reports/20211124_160305/test1/20211124_160436"/>
         <property name="logFiles" value="/Users/abishekramaprabha/Odyssey_Automation/odysseyTotalsAutomation/Reports/20211124_160305/test1/20211124_160436/execution0.log"/>
         <property name="attachments" value=""/>
         <property name="hostName" value="abishekramaprabha - 192.168.1.34"/>
         <property name="hostAddress" value="192.168.1.34"/>
         <property name="os" value="Mac OS X 64bit"/>
         <property name="katalonVersion" value="8.0.0.208"/>
      </properties>
      <testcase name="Test Cases/Sample/test1" time="0.439" classname="Test Cases/Sample/test1" status="PASSED">
         <system-out><![CDATA[2021-11-24 16:06:00 - [TEST_CASE][PASSED] - Test Cases/Sample/test1: Test Cases/Sample/test1

2021-11-24 16:06:00 - [TEST_STEP][PASSED] - comment("Another test case: " + loginPassword): Another test case: abishek1234

2021-11-24 16:06:00 - [MESSAGE][INFO] - Another test case: abishek1234]]></system-out>
         <system-err><![CDATA[]]></system-err>
      </testcase>
      <system-out><![CDATA[2021-11-24 16:05:59 - [TEST_SUITE][PASSED] - test1: Test Cases/Sample/test1]]></system-out>
      <system-err><![CDATA[]]></system-err>
   </testsuite>
</testsuites>
