<?xml version="1.0" encoding="UTF-8"?>
<testsuites name="test1" time="4.687" tests="1" failures="0" errors="0">
   <testsuite name="test1" tests="1" failures="0" errors="0" time="4.687" skipped="0" timestamp="2021-11-24 15:52:40" hostname="abishekramaprabha - localhost" id="Test Suites/test1">
      <properties>
         <property name="deviceName" value=""/>
         <property name="devicePlatform" value=""/>
         <property name="logFolder" value="/Users/abishekramaprabha/Odyssey_Automation/odysseyTotalsAutomation/Reports/20211124_155116/test1/20211124_155217"/>
         <property name="logFiles" value="/Users/abishekramaprabha/Odyssey_Automation/odysseyTotalsAutomation/Reports/20211124_155116/test1/20211124_155217/execution0.log"/>
         <property name="attachments" value=""/>
         <property name="hostName" value="abishekramaprabha - localhost"/>
         <property name="hostAddress" value="127.0.0.1"/>
         <property name="os" value="Mac OS X 64bit"/>
         <property name="katalonVersion" value="8.0.0.208"/>
      </properties>
      <testcase name="Test Cases/Sample/test1" time="0.389" classname="Test Cases/Sample/test1" status="PASSED">
         <system-out><![CDATA[2021-11-24 15:52:41 - [TEST_CASE][PASSED] - Test Cases/Sample/test1: Test Cases/Sample/test1

2021-11-24 15:52:41 - [TEST_STEP][PASSED] - out.println("Another test case: " + loginPassword): null]]></system-out>
         <system-err><![CDATA[]]></system-err>
      </testcase>
      <system-out><![CDATA[2021-11-24 15:52:40 - [TEST_SUITE][PASSED] - test1: Test Cases/Sample/test1]]></system-out>
      <system-err><![CDATA[]]></system-err>
   </testsuite>
</testsuites>
