<?xml version="1.0" encoding="UTF-8"?>
<testsuites name="test" time="4.782" tests="1" failures="0" errors="0">
   <testsuite name="test" tests="1" failures="0" errors="0" time="4.782" skipped="0" timestamp="2021-11-24 16:05:44" hostname="abishekramaprabha - 192.168.1.34" id="Test Suites/test">
      <properties>
         <property name="deviceName" value=""/>
         <property name="devicePlatform" value=""/>
         <property name="logFolder" value="/Users/abishekramaprabha/Odyssey_Automation/odysseyTotalsAutomation/Reports/20211124_160305/test/20211124_160336"/>
         <property name="logFiles" value="/Users/abishekramaprabha/Odyssey_Automation/odysseyTotalsAutomation/Reports/20211124_160305/test/20211124_160336/execution0.log"/>
         <property name="attachments" value=""/>
         <property name="hostName" value="abishekramaprabha - 192.168.1.34"/>
         <property name="hostAddress" value="192.168.1.34"/>
         <property name="os" value="Mac OS X 64bit"/>
         <property name="katalonVersion" value="8.0.0.208"/>
      </properties>
      <testcase name="Test Cases/Sample/test" time="0.467" classname="Test Cases/Sample/test" status="PASSED">
         <system-out><![CDATA[2021-11-24 16:05:45 - [TEST_CASE][PASSED] - Test Cases/Sample/test: Test Cases/Sample/test

2021-11-24 16:05:45 - [TEST_STEP][PASSED] - pass = "Sample test check": null

2021-11-24 16:05:45 - [TEST_STEP][PASSED] - loginPassword = pass: null

2021-11-24 16:05:45 - [TEST_STEP][PASSED] - out.println("Global Variable Value: " + loginPassword): null

2021-11-24 16:05:45 - [TEST_STEP][PASSED] - out.println("Original: " + pass): null]]></system-out>
         <system-err><![CDATA[]]></system-err>
      </testcase>
      <system-out><![CDATA[2021-11-24 16:05:44 - [TEST_SUITE][PASSED] - test: Test Cases/Sample/test]]></system-out>
      <system-err><![CDATA[]]></system-err>
   </testsuite>
</testsuites>
