<?xml version="1.0" encoding="UTF-8"?>
<testsuites name="test" time="6.12" tests="2" failures="0" errors="0">
   <testsuite name="test" tests="2" failures="0" errors="0" time="6.12" skipped="0" timestamp="2021-11-24 15:36:29" hostname="abishekramaprabha - localhost" id="Test Suites/test">
      <properties>
         <property name="deviceName" value=""/>
         <property name="devicePlatform" value=""/>
         <property name="logFolder" value="/Users/abishekramaprabha/Odyssey_Automation/odysseyTotalsAutomation/Reports/20211124_153621/test/20211124_153621"/>
         <property name="logFiles" value="/Users/abishekramaprabha/Odyssey_Automation/odysseyTotalsAutomation/Reports/20211124_153621/test/20211124_153621/execution0.log"/>
         <property name="attachments" value=""/>
         <property name="hostName" value="abishekramaprabha - localhost"/>
         <property name="hostAddress" value="127.0.0.1"/>
         <property name="os" value="Mac OS X 64bit"/>
         <property name="katalonVersion" value="8.0.0.208"/>
      </properties>
      <testcase name="Test Cases/Sample/test" time="0.462" classname="Test Cases/Sample/test" status="PASSED">
         <system-out><![CDATA[2021-11-24 15:36:29 - [TEST_CASE][PASSED] - Test Cases/Sample/test: Test Cases/Sample/test

2021-11-24 15:36:30 - [TEST_STEP][PASSED] - pass = "test": null

2021-11-24 15:36:30 - [TEST_STEP][PASSED] - loginPassword = pass: null

2021-11-24 15:36:30 - [TEST_STEP][PASSED] - out.println(loginPassword): null

2021-11-24 15:36:30 - [TEST_STEP][PASSED] - out.println(pass): null]]></system-out>
         <system-err><![CDATA[]]></system-err>
      </testcase>
      <testcase name="Test Cases/Sample/test1" time="0.25" classname="Test Cases/Sample/test1" status="PASSED">
         <system-out><![CDATA[2021-11-24 15:36:30 - [TEST_CASE][PASSED] - Test Cases/Sample/test1: Test Cases/Sample/test1

2021-11-24 15:36:30 - [TEST_STEP][PASSED] - out.println(loginPassword): null]]></system-out>
         <system-err><![CDATA[]]></system-err>
      </testcase>
      <system-out><![CDATA[2021-11-24 15:36:29 - [TEST_SUITE][PASSED] - test: Test Cases/Sample/test1]]></system-out>
      <system-err><![CDATA[]]></system-err>
   </testsuite>
</testsuites>
